2012-07-17 10:37:47 America/New_York
Exception Object
(
    [message:protected] => 0
    [string:Exception:private] => 
    [code:protected] => 0
    [file:protected] => /usr/local/www/apache22/data/ticket.git/development/inc/autoload.php
    [line:protected] => 8
    [trace:Exception:private] => Array
        (
            [0] => Array
                (
                    [file] => /usr/local/www/apache22/data/ticket.git/development/m/customers.php
                    [line] => 89
                    [function] => __autoload
                    [args] => Array
                        (
                            [0] => nodeModel
                        )

                )

            [1] => Array
                (
                    [file] => /usr/local/www/apache22/data/ticket.git/development/c/index.php
                    [line] => 16
                    [args] => Array
                        (
                            [0] => /usr/local/www/apache22/data/ticket.git/development/m/customers.php
                        )

                    [function] => include
                )

            [2] => Array
                (
                    [file] => /usr/local/www/apache22/data/ticket.git/development/index.php
                    [line] => 3
                    [function] => __construct
                    [class] => page
                    [type] => ->
                    [args] => Array
                        (
                        )

                )

        )

    [previous:Exception:private] => 
)
